TN:
SF:/Users/18055848/Documents/self-development/jenius-workshop/ms-wiratama-graphql/src/common/constant.js
FNF:0
FNH:0
DA:1,1
LF:1
LH:1
BRDA:2,0,0,1
BRDA:2,0,1,1
BRDA:3,1,0,1
BRDA:3,1,1,1
BRF:4
BRH:4
end_of_record
TN:
SF:/Users/18055848/Documents/self-development/jenius-workshop/ms-wiratama-graphql/src/core/login/services/login.service.js
FN:5,(anonymous_0)
FN:18,(anonymous_1)
FNF:2
FNH:2
FNDA:2,(anonymous_0)
FNDA:2,(anonymous_1)
DA:1,1
DA:2,1
DA:3,1
DA:5,1
DA:6,2
DA:8,2
DA:18,1
DA:19,2
DA:21,2
DA:22,2
DA:24,1
DA:26,1
DA:27,1
DA:31,1
LF:14
LH:14
BRF:0
BRH:0
end_of_record
TN:
SF:/Users/18055848/Documents/self-development/jenius-workshop/ms-wiratama-graphql/src/core/notes/services/note.service.js
FN:5,(anonymous_0)
FN:17,(anonymous_1)
FNF:2
FNH:2
FNDA:2,(anonymous_0)
FNDA:2,(anonymous_1)
DA:1,1
DA:2,1
DA:3,1
DA:5,1
DA:6,2
DA:8,2
DA:17,1
DA:18,2
DA:20,2
DA:22,2
DA:24,1
DA:27,1
LF:12
LH:12
BRDA:22,0,0,1
BRDA:22,0,1,1
BRF:2
BRH:2
end_of_record
