TN:
SF:/Users/18055848/Documents/self-development/jenius-workshop/ms-wiratama-graphql/src/common/constant.js
FNF:0
FNH:0
DA:1,1
LF:1
LH:1
BRDA:2,0,0,1
BRDA:2,0,1,1
BRDA:3,1,0,1
BRDA:3,1,1,1
BRF:4
BRH:4
end_of_record
TN:
SF:/Users/18055848/Documents/self-development/jenius-workshop/ms-wiratama-graphql/src/core/login/services/login.service.js
FN:5,(anonymous_0)
FN:18,(anonymous_1)
FNF:2
FNH:2
FNDA:2,(anonymous_0)
FNDA:2,(anonymous_1)
DA:1,1
DA:2,1
DA:3,1
DA:5,1
DA:6,2
DA:8,2
DA:18,1
DA:19,2
DA:21,2
DA:22,2
DA:24,1
DA:26,1
DA:27,1
DA:31,1
LF:14
LH:14
BRF:0
BRH:0
end_of_record
TN:
SF:/Users/18055848/Documents/self-development/jenius-workshop/ms-wiratama-graphql/src/core/notes/services/note.service.js
FN:4,(anonymous_0)
FN:15,(anonymous_1)
FN:28,(anonymous_2)
FN:38,(anonymous_3)
FNF:4
FNH:4
FNDA:2,(anonymous_0)
FNDA:2,(anonymous_1)
FNDA:2,(anonymous_2)
FNDA:2,(anonymous_3)
DA:1,1
DA:2,1
DA:4,1
DA:5,2
DA:7,2
DA:15,1
DA:16,2
DA:18,2
DA:28,1
DA:29,2
DA:31,2
DA:33,2
DA:35,1
DA:38,1
DA:39,2
DA:41,2
DA:43,2
DA:45,2
DA:47,1
DA:50,1
LF:20
LH:20
BRDA:33,0,0,1
BRDA:33,0,1,1
BRDA:45,1,0,1
BRDA:45,1,1,1
BRF:4
BRH:4
end_of_record
